<?xml version="1.0" encoding="UTF-8"?>
<!-- Generated by org.testng.reporters.JUnitXMLReporter -->
<testsuite ignored="1" hostname="LAPTOP-SRDB26TA" failures="0" tests="1" name="Default test" time="6.237" errors="0" timestamp="2026-05-17T11:45:16 ICT">
  <testcase classname="tests.WebTableTest" name="searchByFirstName" time="2.165"/>
  <testcase classname="tests.WebTableTest" name="searchByLastName" time="0.0">
    <ignored/>
  </testcase> <!-- searchByLastName -->
</testsuite> <!-- Default test -->
