<?xml version="1.0" encoding="UTF-8"?>
<!-- Generated by org.testng.reporters.JUnitXMLReporter -->
<testsuite ignored="0" hostname="LAPTOP-SRDB26TA" failures="1" tests="9" name="HappyCase" time="3.152" errors="0" timestamp="2026-05-31T11:28:10 ICT">
  <testcase classname="tests.TestCase" name="@BeforeMethod setUp" time="1.275">
    <failure type="org.openqa.selenium.SessionNotCreatedException" message="Could not start a new session. Response code 500. Message: session not created: This version of ChromeDriver only supports Chrome version 149
Current browser version is 148.0.7778.181 with binary path C:\Program Files\Google\Chrome\Application\chrome.exe 
Host info: host: &amp;apos;LAPTOP-SRDB26TA&amp;apos;, ip: &amp;apos;192.168.1.104&amp;apos;
Build info: version: &amp;apos;4.43.0&amp;apos;, revision: &amp;apos;dd0f534&amp;apos;
System info: os.name: &amp;apos;Windows 11&amp;apos;, os.arch: &amp;apos;amd64&amp;apos;, os.version: &amp;apos;10.0&amp;apos;, java.version: &amp;apos;21.0.10&amp;apos;
Driver info: org.openqa.selenium.chrome.ChromeDriver
Command: [null, newSession {capabilities=[Capabilities {browserName: chrome, goog:chromeOptions: {args: [--remote-allow-origins=*], extensions: []}}]}]">
      <![CDATA[org.openqa.selenium.SessionNotCreatedException: Could not start a new session. Response code 500. Message: session not created: This version of ChromeDriver only supports Chrome version 149
Current browser version is 148.0.7778.181 with binary path C:\Program Files\Google\Chrome\Application\chrome.exe 
Host info: host: 'LAPTOP-SRDB26TA', ip: '192.168.1.104'
Build info: version: '4.43.0', revision: 'dd0f534'
System info: os.name: 'Windows 11', os.arch: 'amd64', os.version: '10.0', java.version: '21.0.10'
Driver info: org.openqa.selenium.chrome.ChromeDriver
Command: [null, newSession {capabilities=[Capabilities {browserName: chrome, goog:chromeOptions: {args: [--remote-allow-origins=*], extensions: []}}]}]
at org.openqa.selenium.remote.ProtocolHandshake.createSession(ProtocolHandshake.java:114)
at org.openqa.selenium.remote.ProtocolHandshake.createSession(ProtocolHandshake.java:75)
at org.openqa.selenium.remote.ProtocolHandshake.createSession(ProtocolHandshake.java:61)
at org.openqa.selenium.remote.HttpCommandExecutor.execute(HttpCommandExecutor.java:195)
at org.openqa.selenium.remote.service.DriverCommandExecutor.invokeExecute(DriverCommandExecutor.java:216)
at org.openqa.selenium.remote.service.DriverCommandExecutor.execute(DriverCommandExecutor.java:174)
at org.openqa.selenium.remote.RemoteWebDriver.execute(RemoteWebDriver.java:606)
at org.openqa.selenium.remote.RemoteWebDriver.startSession(RemoteWebDriver.java:290)
at org.openqa.selenium.remote.RemoteWebDriver.<init>(RemoteWebDriver.java:213)
at org.openqa.selenium.chromium.ChromiumDriver.<init>(ChromiumDriver.java:115)
at org.openqa.selenium.chrome.ChromeDriver.<init>(ChromeDriver.java:92)
at org.openqa.selenium.chrome.ChromeDriver.<init>(ChromeDriver.java:76)
at org.openqa.selenium.chrome.ChromeDriver.<init>(ChromeDriver.java:72)
at common.TestBase.openWeb(TestBase.java:27)
at tests.TestCase.setUp(TestCase.java:13)
at java.base/java.util.ArrayList.forEach(ArrayList.java:1596)
... Removed 29 stack frames]]>
    </failure>
  </testcase> <!-- @BeforeMethod setUp -->
  <testcase classname="tests.TestCase" name="@BeforeMethod setUp" time="0.0">
    <skipped/>
  </testcase> <!-- @BeforeMethod setUp -->
  <testcase classname="tests.TestCase" name="@BeforeMethod setUp" time="0.824">
    <failure type="org.openqa.selenium.SessionNotCreatedException" message="Could not start a new session. Response code 500. Message: session not created: This version of ChromeDriver only supports Chrome version 149
Current browser version is 148.0.7778.181 with binary path C:\Program Files\Google\Chrome\Application\chrome.exe 
Host info: host: &amp;apos;LAPTOP-SRDB26TA&amp;apos;, ip: &amp;apos;192.168.1.104&amp;apos;
Build info: version: &amp;apos;4.43.0&amp;apos;, revision: &amp;apos;dd0f534&amp;apos;
System info: os.name: &amp;apos;Windows 11&amp;apos;, os.arch: &amp;apos;amd64&amp;apos;, os.version: &amp;apos;10.0&amp;apos;, java.version: &amp;apos;21.0.10&amp;apos;
Driver info: org.openqa.selenium.chrome.ChromeDriver
Command: [null, newSession {capabilities=[Capabilities {browserName: chrome, goog:chromeOptions: {args: [--remote-allow-origins=*], extensions: []}}]}]">
      <![CDATA[org.openqa.selenium.SessionNotCreatedException: Could not start a new session. Response code 500. Message: session not created: This version of ChromeDriver only supports Chrome version 149
Current browser version is 148.0.7778.181 with binary path C:\Program Files\Google\Chrome\Application\chrome.exe 
Host info: host: 'LAPTOP-SRDB26TA', ip: '192.168.1.104'
Build info: version: '4.43.0', revision: 'dd0f534'
System info: os.name: 'Windows 11', os.arch: 'amd64', os.version: '10.0', java.version: '21.0.10'
Driver info: org.openqa.selenium.chrome.ChromeDriver
Command: [null, newSession {capabilities=[Capabilities {browserName: chrome, goog:chromeOptions: {args: [--remote-allow-origins=*], extensions: []}}]}]
at org.openqa.selenium.remote.ProtocolHandshake.createSession(ProtocolHandshake.java:114)
at org.openqa.selenium.remote.ProtocolHandshake.createSession(ProtocolHandshake.java:75)
at org.openqa.selenium.remote.ProtocolHandshake.createSession(ProtocolHandshake.java:61)
at org.openqa.selenium.remote.HttpCommandExecutor.execute(HttpCommandExecutor.java:195)
at org.openqa.selenium.remote.service.DriverCommandExecutor.invokeExecute(DriverCommandExecutor.java:216)
at org.openqa.selenium.remote.service.DriverCommandExecutor.execute(DriverCommandExecutor.java:174)
at org.openqa.selenium.remote.RemoteWebDriver.execute(RemoteWebDriver.java:606)
at org.openqa.selenium.remote.RemoteWebDriver.startSession(RemoteWebDriver.java:290)
at org.openqa.selenium.remote.RemoteWebDriver.<init>(RemoteWebDriver.java:213)
at org.openqa.selenium.chromium.ChromiumDriver.<init>(ChromiumDriver.java:115)
at org.openqa.selenium.chrome.ChromeDriver.<init>(ChromeDriver.java:92)
at org.openqa.selenium.chrome.ChromeDriver.<init>(ChromeDriver.java:76)
at org.openqa.selenium.chrome.ChromeDriver.<init>(ChromeDriver.java:72)
at common.TestBase.openWeb(TestBase.java:27)
at tests.TestCase.setUp(TestCase.java:13)
at java.base/java.util.ArrayList.forEach(ArrayList.java:1596)
... Removed 29 stack frames]]>
    </failure>
  </testcase> <!-- @BeforeMethod setUp -->
  <testcase classname="tests.TestCase" name="@BeforeMethod setUp" time="0.0">
    <skipped/>
  </testcase> <!-- @BeforeMethod setUp -->
  <testcase classname="tests.TestCase" name="@BeforeMethod setUp" time="0.916">
    <failure type="org.openqa.selenium.SessionNotCreatedException" message="Could not start a new session. Response code 500. Message: session not created: This version of ChromeDriver only supports Chrome version 149
Current browser version is 148.0.7778.181 with binary path C:\Program Files\Google\Chrome\Application\chrome.exe 
Host info: host: &amp;apos;LAPTOP-SRDB26TA&amp;apos;, ip: &amp;apos;192.168.1.104&amp;apos;
Build info: version: &amp;apos;4.43.0&amp;apos;, revision: &amp;apos;dd0f534&amp;apos;
System info: os.name: &amp;apos;Windows 11&amp;apos;, os.arch: &amp;apos;amd64&amp;apos;, os.version: &amp;apos;10.0&amp;apos;, java.version: &amp;apos;21.0.10&amp;apos;
Driver info: org.openqa.selenium.chrome.ChromeDriver
Command: [null, newSession {capabilities=[Capabilities {browserName: chrome, goog:chromeOptions: {args: [--remote-allow-origins=*], extensions: []}}]}]">
      <![CDATA[org.openqa.selenium.SessionNotCreatedException: Could not start a new session. Response code 500. Message: session not created: This version of ChromeDriver only supports Chrome version 149
Current browser version is 148.0.7778.181 with binary path C:\Program Files\Google\Chrome\Application\chrome.exe 
Host info: host: 'LAPTOP-SRDB26TA', ip: '192.168.1.104'
Build info: version: '4.43.0', revision: 'dd0f534'
System info: os.name: 'Windows 11', os.arch: 'amd64', os.version: '10.0', java.version: '21.0.10'
Driver info: org.openqa.selenium.chrome.ChromeDriver
Command: [null, newSession {capabilities=[Capabilities {browserName: chrome, goog:chromeOptions: {args: [--remote-allow-origins=*], extensions: []}}]}]
at org.openqa.selenium.remote.ProtocolHandshake.createSession(ProtocolHandshake.java:114)
at org.openqa.selenium.remote.ProtocolHandshake.createSession(ProtocolHandshake.java:75)
at org.openqa.selenium.remote.ProtocolHandshake.createSession(ProtocolHandshake.java:61)
at org.openqa.selenium.remote.HttpCommandExecutor.execute(HttpCommandExecutor.java:195)
at org.openqa.selenium.remote.service.DriverCommandExecutor.invokeExecute(DriverCommandExecutor.java:216)
at org.openqa.selenium.remote.service.DriverCommandExecutor.execute(DriverCommandExecutor.java:174)
at org.openqa.selenium.remote.RemoteWebDriver.execute(RemoteWebDriver.java:606)
at org.openqa.selenium.remote.RemoteWebDriver.startSession(RemoteWebDriver.java:290)
at org.openqa.selenium.remote.RemoteWebDriver.<init>(RemoteWebDriver.java:213)
at org.openqa.selenium.chromium.ChromiumDriver.<init>(ChromiumDriver.java:115)
at org.openqa.selenium.chrome.ChromeDriver.<init>(ChromeDriver.java:92)
at org.openqa.selenium.chrome.ChromeDriver.<init>(ChromeDriver.java:76)
at org.openqa.selenium.chrome.ChromeDriver.<init>(ChromeDriver.java:72)
at common.TestBase.openWeb(TestBase.java:27)
at tests.TestCase.setUp(TestCase.java:13)
at java.base/java.util.ArrayList.forEach(ArrayList.java:1596)
... Removed 29 stack frames]]>
    </failure>
  </testcase> <!-- @BeforeMethod setUp -->
  <testcase classname="tests.TestCase" name="@BeforeMethod setUp" time="0.0">
    <skipped/>
  </testcase> <!-- @BeforeMethod setUp -->
  <testcase classname="tests.TestCase" name="@BeforeMethod setUp" time="0.0">
    <skipped/>
  </testcase> <!-- @BeforeMethod setUp -->
  <testcase classname="tests.TestCase" name="@BeforeMethod setUp" time="0.0">
    <skipped/>
  </testcase> <!-- @BeforeMethod setUp -->
  <testcase classname="tests.TextBoxTest" name="submitDataFail" time="0.0">
    <skipped/>
  </testcase> <!-- submitDataFail -->
  <testcase classname="tests.TextBoxTest" name="submitDataSuccessfully" time="0.0">
    <skipped/>
  </testcase> <!-- submitDataSuccessfully -->
  <testcase classname="tests.PracticeFormTest" name="TC_02" time="0.0">
    <failure type="org.testng.TestNGException" message="
Cannot inject @Test annotated Method [TC_02] with [class java.lang.String, class java.lang.String, class java.lang.String, class java.lang.String, class java.lang.String, class java.lang.String, class java.lang.String, class java.lang.String, class java.lang.String, class java.lang.String, class java.lang.String, class java.lang.String].
For more information on native dependency injection please refer to https://testng.org/#_dependency_injection">
      <![CDATA[org.testng.TestNGException: 
Cannot inject @Test annotated Method [TC_02] with [class java.lang.String, class java.lang.String, class java.lang.String, class java.lang.String, class java.lang.String, class java.lang.String, class java.lang.String, class java.lang.String, class java.lang.String, class java.lang.String, class java.lang.String, class java.lang.String].
For more information on native dependency injection please refer to https://testng.org/#_dependency_injection
at java.base/java.util.ArrayList.forEach(ArrayList.java:1596)
... Removed 26 stack frames]]>
    </failure>
  </testcase> <!-- TC_02 -->
  <testcase classname="tests.PracticeFormTest" name="submitDataSuccessfully" time="0.0">
    <skipped/>
  </testcase> <!-- submitDataSuccessfully -->
  <testcase classname="tests.PracticeFormTest" name="submitDataSuccessfully_DataProvider" time="0.0">
    <skipped/>
  </testcase> <!-- submitDataSuccessfully_DataProvider -->
  <testcase classname="tests.AlertsTest" name="verifyAlertWithAButton" time="0.0">
    <skipped/>
  </testcase> <!-- verifyAlertWithAButton -->
  <testcase classname="tests.AlertsTest" name="verifyAlertWithAConfirm" time="0.0">
    <skipped/>
  </testcase> <!-- verifyAlertWithAConfirm -->
  <testcase classname="tests.AlertsTest" name="verifyAlertWithAPrompt" time="0.0">
    <skipped/>
  </testcase> <!-- verifyAlertWithAPrompt -->
  <testcase classname="tests.AlertsTest" name="verifyAlertWithATime" time="0.0">
    <skipped/>
  </testcase> <!-- verifyAlertWithATime -->
</testsuite> <!-- HappyCase -->
