<?xml version="1.0" encoding="UTF-8"?>
<!-- Generated by org.testng.reporters.JUnitXMLReporter -->
<testsuite ignored="0" hostname="LAPTOP-SRDB26TA" failures="0" tests="4" name="HappyCase" time="36.926" errors="0" timestamp="2026-06-06T10:06:40 ICT">
  <testcase classname="tests.AlertsTest" name="verifyAlertWithAButton" time="0.828"/>
  <testcase classname="tests.AlertsTest" name="verifyAlertWithAConfirm" time="0.938"/>
  <testcase classname="tests.AlertsTest" name="verifyAlertWithAPrompt" time="1.008"/>
  <testcase classname="tests.AlertsTest" name="verifyAlertWithATime" time="6.004"/>
</testsuite> <!-- HappyCase -->
