<?xml version="1.0" encoding="UTF-8"?>
<testng-results ignored="0" total="4" passed="4" failed="0" skipped="0">
  <reporter-output>
  </reporter-output>
  <suite started-at="2026-06-06T10:06:03 ICT" name="DemoQA" finished-at="2026-06-06T10:06:40 ICT" duration-ms="36926">
    <groups>
    </groups>
    <test started-at="2026-06-06T10:06:03 ICT" name="HappyCase" finished-at="2026-06-06T10:06:40 ICT" duration-ms="36926">
      <class name="tests.AlertsTest">
        <test-method is-config="true" signature="setUp()[pri:0, instance:tests.AlertsTest@74235045]" started-at="2026-06-06T10:06:03 ICT" name="setUp" finished-at="2026-06-06T10:06:08 ICT" duration-ms="4872" status="PASS">
          <reporter-output>
          </reporter-output>
        </test-method> <!-- setUp -->
        <test-method signature="verifyAlertWithAButton()[pri:0, instance:tests.AlertsTest@74235045]" started-at="2026-06-06T10:06:08 ICT" name="verifyAlertWithAButton" finished-at="2026-06-06T10:06:09 ICT" duration-ms="828" status="PASS">
          <reporter-output>
          </reporter-output>
        </test-method> <!-- verifyAlertWithAButton -->
        <test-method is-config="true" signature="tearDown()[pri:0, instance:tests.AlertsTest@74235045]" started-at="2026-06-06T10:06:09 ICT" name="tearDown" finished-at="2026-06-06T10:06:12 ICT" duration-ms="3211" status="PASS">
          <reporter-output>
          </reporter-output>
        </test-method> <!-- tearDown -->
        <test-method is-config="true" signature="setUp()[pri:0, instance:tests.AlertsTest@74235045]" started-at="2026-06-06T10:06:12 ICT" name="setUp" finished-at="2026-06-06T10:06:16 ICT" duration-ms="3465" status="PASS">
          <reporter-output>
          </reporter-output>
        </test-method> <!-- setUp -->
        <test-method signature="verifyAlertWithAConfirm()[pri:0, instance:tests.AlertsTest@74235045]" started-at="2026-06-06T10:06:16 ICT" name="verifyAlertWithAConfirm" finished-at="2026-06-06T10:06:16 ICT" duration-ms="938" status="PASS">
          <reporter-output>
          </reporter-output>
        </test-method> <!-- verifyAlertWithAConfirm -->
        <test-method is-config="true" signature="tearDown()[pri:0, instance:tests.AlertsTest@74235045]" started-at="2026-06-06T10:06:16 ICT" name="tearDown" finished-at="2026-06-06T10:06:20 ICT" duration-ms="3161" status="PASS">
          <reporter-output>
          </reporter-output>
        </test-method> <!-- tearDown -->
        <test-method is-config="true" signature="setUp()[pri:0, instance:tests.AlertsTest@74235045]" started-at="2026-06-06T10:06:20 ICT" name="setUp" finished-at="2026-06-06T10:06:23 ICT" duration-ms="3417" status="PASS">
          <reporter-output>
          </reporter-output>
        </test-method> <!-- setUp -->
        <test-method signature="verifyAlertWithAPrompt()[pri:0, instance:tests.AlertsTest@74235045]" started-at="2026-06-06T10:06:23 ICT" name="verifyAlertWithAPrompt" finished-at="2026-06-06T10:06:24 ICT" duration-ms="1008" status="PASS">
          <reporter-output>
          </reporter-output>
        </test-method> <!-- verifyAlertWithAPrompt -->
        <test-method is-config="true" signature="tearDown()[pri:0, instance:tests.AlertsTest@74235045]" started-at="2026-06-06T10:06:24 ICT" name="tearDown" finished-at="2026-06-06T10:06:27 ICT" duration-ms="3233" status="PASS">
          <reporter-output>
          </reporter-output>
        </test-method> <!-- tearDown -->
        <test-method is-config="true" signature="setUp()[pri:0, instance:tests.AlertsTest@74235045]" started-at="2026-06-06T10:06:27 ICT" name="setUp" finished-at="2026-06-06T10:06:31 ICT" duration-ms="3453" status="PASS">
          <reporter-output>
          </reporter-output>
        </test-method> <!-- setUp -->
        <test-method signature="verifyAlertWithATime()[pri:0, instance:tests.AlertsTest@74235045]" started-at="2026-06-06T10:06:31 ICT" name="verifyAlertWithATime" finished-at="2026-06-06T10:06:37 ICT" duration-ms="6004" status="PASS">
          <reporter-output>
          </reporter-output>
        </test-method> <!-- verifyAlertWithATime -->
        <test-method is-config="true" signature="tearDown()[pri:0, instance:tests.AlertsTest@74235045]" started-at="2026-06-06T10:06:37 ICT" name="tearDown" finished-at="2026-06-06T10:06:40 ICT" duration-ms="3278" status="PASS">
          <reporter-output>
          </reporter-output>
        </test-method> <!-- tearDown -->
      </class> <!-- tests.AlertsTest -->
    </test> <!-- HappyCase -->
  </suite> <!-- DemoQA -->
</testng-results>
