<?xml version="1.0" encoding="UTF-8"?>
<!-- Generated by org.testng.reporters.JUnitReportReporter -->
<testsuite hostname="LAPTOP-SRDB26TA" failures="0" tests="4" name="tests.AlertsTest" time="36.868" errors="0" timestamp="2026-06-06T10:06:40 ICT" skipped="0">
  <testcase classname="tests.AlertsTest" name="verifyAlertWithAConfirm" time="7.602"/>
  <testcase classname="tests.AlertsTest" name="verifyAlertWithATime" time="12.747"/>
  <testcase classname="tests.AlertsTest" name="verifyAlertWithAButton" time="8.933"/>
  <testcase classname="tests.AlertsTest" name="verifyAlertWithAPrompt" time="7.586"/>
</testsuite> <!-- tests.AlertsTest -->
