<?xml version="1.0" encoding="UTF-8"?>
<!-- Generated by org.testng.reporters.JUnitReportReporter -->
<testsuite hostname="LAPTOP-SRDB26TA" failures="0" tests="6" name="tests.WebTableTest" time="13.919" errors="0" timestamp="2026-05-24T10:50:32 ICT" skipped="0">
  <testcase classname="tests.WebTableTest" name="searchBy" time="2.420"/>
  <testcase classname="tests.WebTableTest" name="searchBy" time="2.243"/>
  <testcase classname="tests.WebTableTest" name="searchBy" time="2.264"/>
  <testcase classname="tests.WebTableTest" name="searchBy" time="2.617"/>
  <testcase classname="tests.WebTableTest" name="searchBy" time="2.156"/>
  <testcase classname="tests.WebTableTest" name="searchBy" time="2.219"/>
</testsuite> <!-- tests.WebTableTest -->
